Start testing: Feb 06 17:39 CET
----------------------------------------------------------
1/1 Testing: runTests
1/1 Test: runTests
Command: "/home/kilynho/src/cpu6502/build/runTests"
Directory: /home/kilynho/src/cpu6502/build
"runTests" start time: Feb 06 17:39 CET
Output:
----------------------------------------------------------
[==========] Running 5 tests from 1 test suite.
[----------] Global test environment set-up.
[----------] 5 tests from M6502Test1
[ RUN      ] M6502Test1.TestSTA
[       OK ] M6502Test1.TestSTA (0 ms)
[ RUN      ] M6502Test1.TestLDA_IM
[       OK ] M6502Test1.TestLDA_IM (0 ms)
[ RUN      ] M6502Test1.TestLDA_ZP
[       OK ] M6502Test1.TestLDA_ZP (0 ms)
[ RUN      ] M6502Test1.TestLDA_ZPX
[       OK ] M6502Test1.TestLDA_ZPX (0 ms)
[ RUN      ] M6502Test1.TestJSR
[       OK ] M6502Test1.TestJSR (0 ms)
[----------] 5 tests from M6502Test1 (2 ms total)

[----------] Global test environment tear-down
[==========] 5 tests from 1 test suite ran. (2 ms total)
[  PASSED  ] 5 tests.
<end of output>
Test time =   0.01 sec
----------------------------------------------------------
Test Passed.
"runTests" end time: Feb 06 17:39 CET
"runTests" time elapsed: 00:00:00
----------------------------------------------------------

End testing: Feb 06 17:39 CET
